
  .   ____          _            __ _ _
 /\\ / ___'_ __ _ _(_)_ __  __ _ \ \ \ \
( ( )\___ | '_ | '_| | '_ \/ _` | \ \ \ \
 \\/  ___)| |_)| | | | | || (_| |  ) ) ) )
  '  |____| .__|_| |_|_| |_\__, | / / / /
 =========|_|==============|___/=/_/_/_/
 :: Spring Boot ::        (v2.2.2.RELEASE)

2026-04-21 23:55:13.827  INFO 29128 --- [           main] com.SpringbootSchemaApplication          : Starting SpringbootSchemaApplication v0.0.1-SNAPSHOT on MMR with PID 29128 (F:\Desktop\chaye\TeaMallSystem\1.JavaSpringBoot\target\springbooty2rp6-0.0.1-SNAPSHOT.jar started by LZK in F:\Desktop\chaye\TeaMallSystem\1.JavaSpringBoot)
2026-04-21 23:55:13.833  INFO 29128 --- [           main] com.SpringbootSchemaApplication          : No active profile set, falling back to default profiles: default
2026-04-21 23:55:16.219  INFO 29128 --- [           main] o.s.b.w.embedded.tomcat.TomcatWebServer  : Tomcat initialized with port(s): 8080 (http)
2026-04-21 23:55:16.232  INFO 29128 --- [           main] o.apache.catalina.core.StandardService   : Starting service [Tomcat]
2026-04-21 23:55:16.233  INFO 29128 --- [           main] org.apache.catalina.core.StandardEngine  : Starting Servlet engine: [Apache Tomcat/9.0.29]
2026-04-21 23:55:16.294  INFO 29128 --- [           main] o.a.c.c.C.[.[.[/springbooty2rp6]         : Initializing Spring embedded WebApplicationContext
2026-04-21 23:55:16.294  INFO 29128 --- [           main] o.s.web.context.ContextLoader            : Root WebApplicationContext: initialization completed in 2405 ms
2026-04-21 23:55:16.537  INFO 29128 --- [           main] com.zaxxer.hikari.HikariDataSource       : HikariPool-1 - Starting...
2026-04-21 23:55:17.033  INFO 29128 --- [           main] com.zaxxer.hikari.HikariDataSource       : HikariPool-1 - Start completed.
2026-04-21 23:55:18.775  INFO 29128 --- [           main] o.s.b.w.embedded.tomcat.TomcatWebServer  : Tomcat started on port(s): 8080 (http) with context path '/springbooty2rp6'
2026-04-21 23:55:18.782  INFO 29128 --- [           main] com.SpringbootSchemaApplication          : Started SpringbootSchemaApplication in 5.495 seconds (JVM running for 5.978)
2026-04-21 23:55:20.730  INFO 29128 --- [nio-8080-exec-1] o.a.c.c.C.[.[.[/springbooty2rp6]         : Initializing Spring DispatcherServlet 'dispatcherServlet'
2026-04-21 23:55:20.730  INFO 29128 --- [nio-8080-exec-1] o.s.web.servlet.DispatcherServlet        : Initializing Servlet 'dispatcherServlet'
2026-04-21 23:55:20.742  INFO 29128 --- [nio-8080-exec-1] o.s.web.servlet.DispatcherServlet        : Completed initialization in 11 ms
