[INFO] Scanning for projects...
[INFO] 
[INFO] ----------------------< com.jlwl:springbooty2rp6 >----------------------
[INFO] Building springboot-schema 0.0.1-SNAPSHOT
[INFO]   from pom.xml
[INFO] --------------------------------[ jar ]---------------------------------
[INFO] 
[INFO] >>> spring-boot:2.2.2.RELEASE:run (default-cli) > test-compile @ springbooty2rp6 >>>
[INFO] 
[INFO] --- resources:3.1.0:resources (default-resources) @ springbooty2rp6 ---
[INFO] Using 'UTF-8' encoding to copy filtered resources.
[INFO] Copying 1 resource
[INFO] Copying 72 resources
[INFO] 
[INFO] --- compiler:3.8.1:compile (default-compile) @ springbooty2rp6 ---
[INFO] Nothing to compile - all classes are up to date
[INFO] 
[INFO] --- resources:3.1.0:testResources (default-testResources) @ springbooty2rp6 ---
[INFO] Using 'UTF-8' encoding to copy filtered resources.
[INFO] skip non existing resourceDirectory F:\Desktop\chaye\TeaMallSystem\1.JavaSpringBoot\src\test\resources
[INFO] 
[INFO] --- compiler:3.8.1:testCompile (default-testCompile) @ springbooty2rp6 ---
[INFO] Changes detected - recompiling the module!
[INFO] Compiling 18 source files to F:\Desktop\chaye\TeaMallSystem\1.JavaSpringBoot\target\test-classes
[INFO] /F:/Desktop/chaye/TeaMallSystem/1.JavaSpringBoot/src/test/java/com/controller/StoreupControllerTest.java: F:\Desktop\chaye\TeaMallSystem\1.JavaSpringBoot\src\test\java\com\controller\StoreupControllerTest.java使用了未经检查或不安全的操作。
[INFO] /F:/Desktop/chaye/TeaMallSystem/1.JavaSpringBoot/src/test/java/com/controller/StoreupControllerTest.java: 有关详细信息, 请使用 -Xlint:unchecked 重新编译。
[INFO] 
[INFO] <<< spring-boot:2.2.2.RELEASE:run (default-cli) < test-compile @ springbooty2rp6 <<<
[INFO] 
[INFO] 
[INFO] --- spring-boot:2.2.2.RELEASE:run (default-cli) @ springbooty2rp6 ---
[INFO] Attaching agents: []

  .   ____          _            __ _ _
 /\\ / ___'_ __ _ _(_)_ __  __ _ \ \ \ \
( ( )\___ | '_ | '_| | '_ \/ _` | \ \ \ \
 \\/  ___)| |_)| | | | | || (_| |  ) ) ) )
  '  |____| .__|_| |_|_| |_\__, | / / / /
 =========|_|==============|___/=/_/_/_/
 :: Spring Boot ::        (v2.2.2.RELEASE)

2026-04-25 23:23:21.959  INFO 27724 --- [           main] com.SpringbootSchemaApplication          : Starting SpringbootSchemaApplication on MMR with PID 27724 (F:\Desktop\chaye\TeaMallSystem\1.JavaSpringBoot\target\classes started by LZK in F:\Desktop\chaye\TeaMallSystem\1.JavaSpringBoot)
2026-04-25 23:23:21.961  INFO 27724 --- [           main] com.SpringbootSchemaApplication          : No active profile set, falling back to default profiles: default
2026-04-25 23:23:26.086  INFO 27724 --- [           main] o.s.b.w.embedded.tomcat.TomcatWebServer  : Tomcat initialized with port(s): 8080 (http)
2026-04-25 23:23:26.096  INFO 27724 --- [           main] o.apache.catalina.core.StandardService   : Starting service [Tomcat]
2026-04-25 23:23:26.096  INFO 27724 --- [           main] org.apache.catalina.core.StandardEngine  : Starting Servlet engine: [Apache Tomcat/9.0.29]
2026-04-25 23:23:26.153  INFO 27724 --- [           main] o.a.c.c.C.[.[.[/springbooty2rp6]         : Initializing Spring embedded WebApplicationContext
2026-04-25 23:23:26.153  INFO 27724 --- [           main] o.s.web.context.ContextLoader            : Root WebApplicationContext: initialization completed in 4137 ms
2026-04-25 23:23:26.318  INFO 27724 --- [           main] com.zaxxer.hikari.HikariDataSource       : HikariPool-1 - Starting...
2026-04-25 23:23:26.623  INFO 27724 --- [           main] com.zaxxer.hikari.HikariDataSource       : HikariPool-1 - Start completed.
2026-04-25 23:23:27.678  INFO 27724 --- [           main] o.s.s.c.ThreadPoolTaskScheduler          : Initializing ExecutorService 'taskScheduler'
2026-04-25 23:23:27.791  INFO 27724 --- [           main] o.s.b.w.embedded.tomcat.TomcatWebServer  : Tomcat started on port(s): 8080 (http) with context path '/springbooty2rp6'
2026-04-25 23:23:27.794  INFO 27724 --- [           main] com.SpringbootSchemaApplication          : Started SpringbootSchemaApplication in 6.15 seconds (JVM running for 6.501)
2026-04-25 23:23:49.739  INFO 27724 --- [nio-8080-exec-1] o.a.c.c.C.[.[.[/springbooty2rp6]         : Initializing Spring DispatcherServlet 'dispatcherServlet'
2026-04-25 23:23:49.739  INFO 27724 --- [nio-8080-exec-1] o.s.web.servlet.DispatcherServlet        : Initializing Servlet 'dispatcherServlet'
2026-04-25 23:23:49.745  INFO 27724 --- [nio-8080-exec-1] o.s.web.servlet.DispatcherServlet        : Completed initialization in 6 ms
开始刷新经营任务: Sun Apr 26 00:00:00 CST 2026
经营任务刷新完成: Sun Apr 26 00:00:00 CST 2026
开始刷新经营任务: Sun Apr 26 01:00:00 CST 2026
经营任务刷新完成: Sun Apr 26 01:00:00 CST 2026
开始刷新推荐结果: Sun Apr 26 02:00:00 CST 2026
推荐结果刷新完成: Sun Apr 26 02:00:00 CST 2026
开始刷新经营任务: Sun Apr 26 02:00:00 CST 2026
经营任务刷新完成: Sun Apr 26 02:00:00 CST 2026
开始清理旧推荐结果: Sun Apr 26 03:00:00 CST 2026
旧推荐结果清理完成: Sun Apr 26 03:00:00 CST 2026
开始刷新经营任务: Sun Apr 26 03:00:00 CST 2026
经营任务刷新完成: Sun Apr 26 03:00:00 CST 2026
开始刷新经营任务: Sun Apr 26 04:00:00 CST 2026
经营任务刷新完成: Sun Apr 26 04:00:00 CST 2026
开始刷新经营任务: Sun Apr 26 05:00:00 CST 2026
经营任务刷新完成: Sun Apr 26 05:00:00 CST 2026
开始刷新经营任务: Sun Apr 26 06:00:00 CST 2026
经营任务刷新完成: Sun Apr 26 06:00:00 CST 2026
开始刷新经营任务: Sun Apr 26 07:00:00 CST 2026
经营任务刷新完成: Sun Apr 26 07:00:00 CST 2026
开始刷新经营任务: Sun Apr 26 08:00:00 CST 2026
经营任务刷新完成: Sun Apr 26 08:00:00 CST 2026
开始刷新经营任务: Sun Apr 26 09:00:00 CST 2026
经营任务刷新完成: Sun Apr 26 09:00:00 CST 2026
开始刷新经营任务: Sun Apr 26 10:00:00 CST 2026
经营任务刷新完成: Sun Apr 26 10:00:00 CST 2026
开始刷新经营任务: Sun Apr 26 11:00:00 CST 2026
经营任务刷新完成: Sun Apr 26 11:00:00 CST 2026
开始刷新经营任务: Sun Apr 26 12:00:00 CST 2026
经营任务刷新完成: Sun Apr 26 12:00:00 CST 2026
开始刷新经营任务: Sun Apr 26 13:00:00 CST 2026
经营任务刷新完成: Sun Apr 26 13:00:00 CST 2026
开始刷新经营任务: Sun Apr 26 14:00:00 CST 2026
经营任务刷新完成: Sun Apr 26 14:00:00 CST 2026
开始刷新经营任务: Sun Apr 26 15:00:00 CST 2026
经营任务刷新完成: Sun Apr 26 15:00:00 CST 2026
开始刷新经营任务: Sun Apr 26 16:00:00 CST 2026
经营任务刷新完成: Sun Apr 26 16:00:00 CST 2026
开始刷新经营任务: Sun Apr 26 17:00:00 CST 2026
经营任务刷新完成: Sun Apr 26 17:00:00 CST 2026
开始刷新经营任务: Sun Apr 26 18:00:00 CST 2026
经营任务刷新完成: Sun Apr 26 18:00:00 CST 2026
开始刷新经营任务: Sun Apr 26 19:00:00 CST 2026
经营任务刷新完成: Sun Apr 26 19:00:00 CST 2026
开始刷新经营任务: Sun Apr 26 20:00:00 CST 2026
经营任务刷新完成: Sun Apr 26 20:00:00 CST 2026
开始刷新经营任务: Sun Apr 26 21:00:00 CST 2026
经营任务刷新完成: Sun Apr 26 21:00:00 CST 2026
开始刷新经营任务: Sun Apr 26 22:00:00 CST 2026
经营任务刷新完成: Sun Apr 26 22:00:00 CST 2026
开始刷新经营任务: Sun Apr 26 23:00:00 CST 2026
经营任务刷新完成: Sun Apr 26 23:00:00 CST 2026
开始刷新经营任务: Mon Apr 27 00:00:01 CST 2026
经营任务刷新完成: Mon Apr 27 00:00:01 CST 2026
开始刷新经营任务: Mon Apr 27 01:00:00 CST 2026
经营任务刷新完成: Mon Apr 27 01:00:00 CST 2026
开始刷新经营任务: Mon Apr 27 02:00:00 CST 2026
经营任务刷新完成: Mon Apr 27 02:00:00 CST 2026
开始刷新推荐结果: Mon Apr 27 02:00:01 CST 2026
推荐结果刷新完成: Mon Apr 27 02:00:02 CST 2026
开始刷新经营任务: Mon Apr 27 03:00:00 CST 2026
经营任务刷新完成: Mon Apr 27 03:00:00 CST 2026
开始清理旧推荐结果: Mon Apr 27 03:00:01 CST 2026
旧推荐结果清理完成: Mon Apr 27 03:00:01 CST 2026
开始刷新经营任务: Mon Apr 27 04:00:00 CST 2026
经营任务刷新完成: Mon Apr 27 04:00:00 CST 2026
开始刷新经营任务: Mon Apr 27 05:00:00 CST 2026
经营任务刷新完成: Mon Apr 27 05:00:00 CST 2026
开始刷新经营任务: Mon Apr 27 06:00:00 CST 2026
经营任务刷新完成: Mon Apr 27 06:00:00 CST 2026
开始刷新经营任务: Mon Apr 27 07:00:00 CST 2026
经营任务刷新完成: Mon Apr 27 07:00:00 CST 2026
开始刷新经营任务: Mon Apr 27 08:00:00 CST 2026
经营任务刷新完成: Mon Apr 27 08:00:00 CST 2026
开始刷新经营任务: Mon Apr 27 09:00:00 CST 2026
经营任务刷新完成: Mon Apr 27 09:00:00 CST 2026
开始刷新经营任务: Mon Apr 27 10:00:00 CST 2026
经营任务刷新完成: Mon Apr 27 10:00:00 CST 2026
开始刷新经营任务: Mon Apr 27 11:00:00 CST 2026
经营任务刷新完成: Mon Apr 27 11:00:00 CST 2026
开始刷新经营任务: Mon Apr 27 12:00:00 CST 2026
经营任务刷新完成: Mon Apr 27 12:00:00 CST 2026
开始刷新经营任务: Mon Apr 27 13:00:00 CST 2026
经营任务刷新完成: Mon Apr 27 13:00:00 CST 2026
开始刷新经营任务: Mon Apr 27 14:00:00 CST 2026
经营任务刷新完成: Mon Apr 27 14:00:00 CST 2026
开始刷新经营任务: Mon Apr 27 15:00:00 CST 2026
经营任务刷新完成: Mon Apr 27 15:00:00 CST 2026
开始刷新经营任务: Mon Apr 27 16:00:00 CST 2026
经营任务刷新完成: Mon Apr 27 16:00:00 CST 2026
[INFO] ------------------------------------------------------------------------
[INFO] BUILD FAILURE
[INFO] ------------------------------------------------------------------------
[INFO] Total time:  1 d 16:40 h
[INFO] Finished at: 2026-04-27T16:03:21+08:00
[INFO] ------------------------------------------------------------------------
[ERROR] Failed to execute goal org.springframework.boot:spring-boot-maven-plugin:2.2.2.RELEASE:run (default-cli) on project springbooty2rp6: Application finished with exit code: -1 -> [Help 1]
[ERROR] 
[ERROR] To see the full stack trace of the errors, re-run Maven with the -e switch.
[ERROR] Re-run Maven using the -X switch to enable full debug logging.
[ERROR] 
[ERROR] For more information about the errors and possible solutions, please read the following articles:
[ERROR] [Help 1] http://cwiki.apache.org/confluence/display/MAVEN/MojoExecutionException
