[INFO] Scanning for projects...
[INFO] 
[INFO] ----------------------< com.jlwl:springbooty2rp6 >----------------------
[INFO] Building springboot-schema 0.0.1-SNAPSHOT
[INFO] --------------------------------[ jar ]---------------------------------
[INFO] 
[INFO] >>> spring-boot-maven-plugin:2.2.2.RELEASE:run (default-cli) > test-compile @ springbooty2rp6 >>>
[INFO] 
[INFO] --- maven-resources-plugin:3.1.0:resources (default-resources) @ springbooty2rp6 ---
[INFO] Using 'UTF-8' encoding to copy filtered resources.
[INFO] Copying 1 resource
[INFO] Copying 72 resources
[INFO] 
[INFO] --- maven-compiler-plugin:3.8.1:compile (default-compile) @ springbooty2rp6 ---
[INFO] Nothing to compile - all classes are up to date
[INFO] 
[INFO] --- maven-resources-plugin:3.1.0:testResources (default-testResources) @ springbooty2rp6 ---
[INFO] Using 'UTF-8' encoding to copy filtered resources.
[INFO] skip non existing resourceDirectory F:\Desktop\chaye\TeaMallSystem\1.JavaSpringBoot\src\test\resources
[INFO] 
[INFO] --- maven-compiler-plugin:3.8.1:testCompile (default-testCompile) @ springbooty2rp6 ---
[INFO] Nothing to compile - all classes are up to date
[INFO] 
[INFO] <<< spring-boot-maven-plugin:2.2.2.RELEASE:run (default-cli) < test-compile @ springbooty2rp6 <<<
[INFO] 
[INFO] 
[INFO] --- spring-boot-maven-plugin:2.2.2.RELEASE:run (default-cli) @ springbooty2rp6 ---
[INFO] Attaching agents: []

  .   ____          _            __ _ _
 /\\ / ___'_ __ _ _(_)_ __  __ _ \ \ \ \
( ( )\___ | '_ | '_| | '_ \/ _` | \ \ \ \
 \\/  ___)| |_)| | | | | || (_| |  ) ) ) )
  '  |____| .__|_| |_|_| |_\__, | / / / /
 =========|_|==============|___/=/_/_/_/
 :: Spring Boot ::        (v2.2.2.RELEASE)

2026-04-24 13:57:44.875  INFO 31428 --- [           main] com.SpringbootSchemaApplication          : Starting SpringbootSchemaApplication on MMR with PID 31428 (F:\Desktop\chaye\TeaMallSystem\1.JavaSpringBoot\target\classes started by LZK in F:\Desktop\chaye\TeaMallSystem\1.JavaSpringBoot)
2026-04-24 13:57:44.878  INFO 31428 --- [           main] com.SpringbootSchemaApplication          : No active profile set, falling back to default profiles: default
2026-04-24 13:57:50.520  INFO 31428 --- [           main] o.s.b.w.embedded.tomcat.TomcatWebServer  : Tomcat initialized with port(s): 8080 (http)
2026-04-24 13:57:50.536  INFO 31428 --- [           main] o.apache.catalina.core.StandardService   : Starting service [Tomcat]
2026-04-24 13:57:50.536  INFO 31428 --- [           main] org.apache.catalina.core.StandardEngine  : Starting Servlet engine: [Apache Tomcat/9.0.29]
2026-04-24 13:57:50.648  INFO 31428 --- [           main] o.a.c.c.C.[.[.[/springbooty2rp6]         : Initializing Spring embedded WebApplicationContext
2026-04-24 13:57:50.648  INFO 31428 --- [           main] o.s.web.context.ContextLoader            : Root WebApplicationContext: initialization completed in 5715 ms
2026-04-24 13:57:50.946  INFO 31428 --- [           main] com.zaxxer.hikari.HikariDataSource       : HikariPool-1 - Starting...
2026-04-24 13:57:52.105  INFO 31428 --- [           main] com.zaxxer.hikari.HikariDataSource       : HikariPool-1 - Start completed.
2026-04-24 13:57:53.273  INFO 31428 --- [           main] o.s.s.c.ThreadPoolTaskScheduler          : Initializing ExecutorService 'taskScheduler'
2026-04-24 13:57:53.343  INFO 31428 --- [           main] o.s.b.w.embedded.tomcat.TomcatWebServer  : Tomcat started on port(s): 8080 (http) with context path '/springbooty2rp6'
2026-04-24 13:57:53.347  INFO 31428 --- [           main] com.SpringbootSchemaApplication          : Started SpringbootSchemaApplication in 8.986 seconds (JVM running for 9.508)
2026-04-24 13:58:34.940  INFO 31428 --- [nio-8080-exec-1] o.a.c.c.C.[.[.[/springbooty2rp6]         : Initializing Spring DispatcherServlet 'dispatcherServlet'
2026-04-24 13:58:34.940  INFO 31428 --- [nio-8080-exec-1] o.s.web.servlet.DispatcherServlet        : Initializing Servlet 'dispatcherServlet'
2026-04-24 13:58:34.947  INFO 31428 --- [nio-8080-exec-1] o.s.web.servlet.DispatcherServlet        : Completed initialization in 7 ms
2026-04-24 17:07:23.691  WARN 31428 --- [nio-8080-exec-5] o.s.w.s.r.ResourceHttpRequestHandler     : Path represents URL or has "url:" prefix: [http:/localhost:8080/springbooty2rp6/upload/1777019839054.png]
2026-04-24 17:07:23.691  WARN 31428 --- [nio-8080-exec-2] o.s.w.s.r.ResourceHttpRequestHandler     : Path represents URL or has "url:" prefix: [http:/localhost:8080/springbooty2rp6/upload/1777019943750.png]
2026-04-24 17:10:02.828  WARN 31428 --- [nio-8080-exec-1] o.s.w.s.r.ResourceHttpRequestHandler     : Path represents URL or has "url:" prefix: [http:/localhost:8080/springbooty2rp6/upload/1777019943750.png]
2026-04-24 17:10:02.829  WARN 31428 --- [nio-8080-exec-8] o.s.w.s.r.ResourceHttpRequestHandler     : Path represents URL or has "url:" prefix: [http:/localhost:8080/springbooty2rp6/upload/1777019839054.png]
2026-04-24 17:10:23.680  WARN 31428 --- [nio-8080-exec-2] o.s.w.s.r.ResourceHttpRequestHandler     : Path represents URL or has "url:" prefix: [http:/localhost:8080/springbooty2rp6/upload/1777019839054.png]
2026-04-24 17:10:23.698  WARN 31428 --- [nio-8080-exec-8] o.s.w.s.r.ResourceHttpRequestHandler     : Path represents URL or has "url:" prefix: [http:/localhost:8080/springbooty2rp6/upload/1777019943750.png]
2026-04-24 17:14:59.427  WARN 31428 --- [nio-8080-exec-9] o.s.w.s.r.ResourceHttpRequestHandler     : Path represents URL or has "url:" prefix: [http:/localhost:8080/springbooty2rp6/upload/1777019943750.png]
2026-04-24 17:14:59.433  WARN 31428 --- [nio-8080-exec-8] o.s.w.s.r.ResourceHttpRequestHandler     : Path represents URL or has "url:" prefix: [http:/localhost:8080/springbooty2rp6/upload/1777019839054.png]
2026-04-24 17:16:24.366  WARN 31428 --- [nio-8080-exec-5] o.s.w.s.r.ResourceHttpRequestHandler     : Path represents URL or has "url:" prefix: [http:/localhost:8080/springbooty2rp6/upload/1777019943750.png]
2026-04-24 17:16:24.366  WARN 31428 --- [nio-8080-exec-3] o.s.w.s.r.ResourceHttpRequestHandler     : Path represents URL or has "url:" prefix: [http:/localhost:8080/springbooty2rp6/upload/1777019839054.png]
2026-04-24 17:21:33.373  WARN 31428 --- [nio-8080-exec-7] o.s.w.s.r.ResourceHttpRequestHandler     : Path represents URL or has "url:" prefix: [http:/localhost:8080/springbooty2rp6/upload/1777019839054.png]
2026-04-24 17:21:33.373  WARN 31428 --- [nio-8080-exec-4] o.s.w.s.r.ResourceHttpRequestHandler     : Path represents URL or has "url:" prefix: [http:/localhost:8080/springbooty2rp6/upload/1777019943750.png]
2026-04-24 17:21:42.043  WARN 31428 --- [nio-8080-exec-1] o.s.w.s.r.ResourceHttpRequestHandler     : Path represents URL or has "url:" prefix: [http:/localhost:8080/springbooty2rp6/upload/1777019839054.png]
2026-04-24 17:21:42.044  WARN 31428 --- [nio-8080-exec-2] o.s.w.s.r.ResourceHttpRequestHandler     : Path represents URL or has "url:" prefix: [http:/localhost:8080/springbooty2rp6/upload/1777019943750.png]
żŞĘĽË˘ĐÂÍĆĽö˝áąű: Sat Apr 25 02:00:01 CST 2026
ÍĆĽö˝áąűË˘ĐÂÍęłÉ: Sat Apr 25 02:00:01 CST 2026
żŞĘĽÇĺŔíľÉÍĆĽö˝áąű: Sat Apr 25 03:00:01 CST 2026
ľÉÍĆĽö˝áąűÇĺŔíÍęłÉ: Sat Apr 25 03:00:01 CST 2026
[INFO] ------------------------------------------------------------------------
[INFO] BUILD FAILURE
[INFO] ------------------------------------------------------------------------
[INFO] Total time:  1 d 06:36 h
[INFO] Finished at: 2026-04-25T20:34:10+08:00
[INFO] ------------------------------------------------------------------------
[ERROR] Failed to execute goal org.springframework.boot:spring-boot-maven-plugin:2.2.2.RELEASE:run (default-cli) on project springbooty2rp6: Application finished with exit code: -1 -> [Help 1]
[ERROR] 
[ERROR] To see the full stack trace of the errors, re-run Maven with the -e switch.
[ERROR] Re-run Maven using the -X switch to enable full debug logging.
[ERROR] 
[ERROR] For more information about the errors and possible solutions, please read the following articles:
[ERROR] [Help 1] http://cwiki.apache.org/confluence/display/MAVEN/MojoExecutionException
