
> mas-creator-admin@0.1.0 serve
> set NODE_OPTIONS=--openssl-legacy-provider&& vue-cli-service serve

 INFO  Starting development server...
 DONE  Compiled successfully in 7296ms20:25:04


  App running at:
  - Local:   http://localhost:8081/ 
  - Network: http://10.50.58.33:8081/

  Note that the development build is not optimized.
  To create a production build, run npm run build.

 WAIT  Compiling...22:23:42

 DONE  Compiled successfully in 551ms22:23:43


  App running at:
  - Local:   http://localhost:8081/ 
  - Network: http://10.50.58.33:8081/

 WAIT  Compiling...22:32:30

 DONE  Compiled successfully in 250ms22:32:30


  App running at:
  - Local:   http://localhost:8081/ 
  - Network: http://10.50.58.33:8081/

 WAIT  Compiling...12:07:25

 DONE  Compiled successfully in 2717ms12:07:28


  App running at:
  - Local:   http://localhost:8081/ 
  - Network: http://10.50.58.33:8081/

 WAIT  Compiling...14:56:44

 DONE  Compiled successfully in 274ms14:56:44


  App running at:
  - Local:   http://localhost:8081/ 
  - Network: http://10.50.58.33:8081/

 WAIT  Compiling...14:58:43

 DONE  Compiled successfully in 315ms14:58:43


  App running at:
  - Local:   http://localhost:8081/ 
  - Network: http://10.50.58.33:8081/

 WAIT  Compiling...15:16:23

 DONE  Compiled successfully in 1085ms15:16:24


  App running at:
  - Local:   http://localhost:8081/ 
  - Network: http://10.50.58.33:8081/

 WAIT  Compiling...15:16:29

 DONE  Compiled successfully in 825ms15:16:30


  App running at:
  - Local:   http://localhost:8081/ 
  - Network: http://10.50.58.33:8081/

 WAIT  Compiling...15:17:09

 DONE  Compiled successfully in 663ms15:17:10


  App running at:
  - Local:   http://localhost:8081/ 
  - Network: http://10.50.58.33:8081/

 WAIT  Compiling...15:17:16

 DONE  Compiled successfully in 657ms15:17:17


  App running at:
  - Local:   http://localhost:8081/ 
  - Network: http://10.50.58.33:8081/

 WAIT  Compiling...15:17:21

 DONE  Compiled successfully in 579ms15:17:22


  App running at:
  - Local:   http://localhost:8081/ 
  - Network: http://10.50.58.33:8081/

 WAIT  Compiling...15:17:46

 DONE  Compiled successfully in 901ms15:17:47


  App running at:
  - Local:   http://localhost:8081/ 
  - Network: http://10.50.58.33:8081/

 WAIT  Compiling...16:03:28

 DONE  Compiled successfully in 1019ms16:03:29


  App running at:
  - Local:   http://localhost:8081/ 
  - Network: http://10.50.58.33:8081/

 WAIT  Compiling...16:03:44

 DONE  Compiled successfully in 643ms16:03:45


  App running at:
  - Local:   http://localhost:8081/ 
  - Network: http://10.50.58.33:8081/

 WAIT  Compiling...00:10:54

 DONE  Compiled successfully in 2653ms00:10:57


  App running at:
  - Local:   http://localhost:8081/ 
  - Network: http://10.50.58.33:8081/

 WAIT  Compiling...00:12:02

 DONE  Compiled successfully in 450ms00:12:03


  App running at:
  - Local:   http://localhost:8081/ 
  - Network: http://10.50.58.33:8081/

 WAIT  Compiling...00:12:39

 DONE  Compiled successfully in 630ms00:12:40


  App running at:
  - Local:   http://localhost:8081/ 
  - Network: http://10.50.58.33:8081/

 WAIT  Compiling...00:13:32

 DONE  Compiled successfully in 484ms00:13:33


  App running at:
  - Local:   http://localhost:8081/ 
  - Network: http://10.50.58.33:8081/

 WAIT  Compiling...00:15:38

 DONE  Compiled successfully in 496ms00:15:39


  App running at:
  - Local:   http://localhost:8081/ 
  - Network: http://10.50.58.33:8081/

 WAIT  Compiling...00:20:43

 DONE  Compiled successfully in 233ms00:20:43


  App running at:
  - Local:   http://localhost:8081/ 
  - Network: http://10.50.58.33:8081/

 WAIT  Compiling...00:21:10

 DONE  Compiled successfully in 355ms00:21:11


  App running at:
  - Local:   http://localhost:8081/ 
  - Network: http://10.50.58.33:8081/

 WAIT  Compiling...01:09:44

 ERROR  Failed to compile with 6 errors01:09:45

These dependencies were not found:

* @/views/base-map in ./src/router/router-static.js
* @/views/modules/inventorytransfersuggestion/list in ./src/router/router-static.js
* @/views/modules/productionsalesplan/list in ./src/router/router-static.js
* @/views/modules/productlifecyclerule/list in ./src/router/router-static.js
* @/views/modules/warehouse/list in ./src/router/router-static.js
* @/views/production-sales-board in ./src/router/router-static.js

To install them, you can run: npm install --save @/views/base-map @/views/modules/inventorytransfersuggestion/list @/views/modules/productionsalesplan/list @/views/modules/productlifecyclerule/list @/views/modules/warehouse/list @/views/production-sales-board
 WAIT  Compiling...01:10:19

 ERROR  Failed to compile with 6 errors01:10:20

These dependencies were not found:

* @/views/base-map in ./src/router/router-static.js
* @/views/modules/inventorytransfersuggestion/list in ./src/router/router-static.js
* @/views/modules/productionsalesplan/list in ./src/router/router-static.js
* @/views/modules/productlifecyclerule/list in ./src/router/router-static.js
* @/views/modules/warehouse/list in ./src/router/router-static.js
* @/views/production-sales-board in ./src/router/router-static.js

To install them, you can run: npm install --save @/views/base-map @/views/modules/inventorytransfersuggestion/list @/views/modules/productionsalesplan/list @/views/modules/productlifecyclerule/list @/views/modules/warehouse/list @/views/production-sales-board
 WAIT  Compiling...01:11:31

 ERROR  Failed to compile with 4 errors01:11:32

These dependencies were not found:

* @/views/modules/inventorytransfersuggestion/list in ./src/router/router-static.js
* @/views/modules/productionsalesplan/list in ./src/router/router-static.js
* @/views/modules/productlifecyclerule/list in ./src/router/router-static.js
* @/views/modules/warehouse/list in ./src/router/router-static.js

To install them, you can run: npm install --save @/views/modules/inventorytransfersuggestion/list @/views/modules/productionsalesplan/list @/views/modules/productlifecyclerule/list @/views/modules/warehouse/list
 WAIT  Compiling...01:16:33

 DONE  Compiled successfully in 1126ms01:16:35


  App running at:
  - Local:   http://localhost:8081/ 
  - Network: http://10.50.58.33:8081/

 WAIT  Compiling...01:18:21

 DONE  Compiled successfully in 455ms01:18:22


  App running at:
  - Local:   http://localhost:8081/ 
  - Network: http://10.50.58.33:8081/

 WAIT  Compiling...08:47:25

 DONE  Compiled successfully in 981ms08:47:26


  App running at:
  - Local:   http://localhost:8081/ 
  - Network: http://10.50.58.33:8081/

 WAIT  Compiling...15:31:58

 DONE  Compiled successfully in 861ms15:31:59


  App running at:
  - Local:   http://localhost:8081/ 
  - Network: http://10.50.58.33:8081/

 WAIT  Compiling...15:33:44

 DONE  Compiled successfully in 700ms15:33:45


  App running at:
  - Local:   http://localhost:8081/ 
  - Network: http://10.50.58.33:8081/

 WAIT  Compiling...15:35:38

 DONE  Compiled successfully in 582ms15:35:39


  App running at:
  - Local:   http://localhost:8081/ 
  - Network: http://10.50.58.33:8081/

 WAIT  Compiling...15:40:57

 DONE  Compiled successfully in 493ms15:40:58


  App running at:
  - Local:   http://localhost:8081/ 
  - Network: http://10.50.58.33:8081/

 WAIT  Compiling...15:44:20

 DONE  Compiled successfully in 333ms15:44:20


  App running at:
  - Local:   http://localhost:8081/ 
  - Network: http://10.50.58.33:8081/

 WAIT  Compiling...15:45:10

 DONE  Compiled successfully in 513ms15:45:10


  App running at:
  - Local:   http://localhost:8081/ 
  - Network: http://10.50.58.33:8081/

 WAIT  Compiling...15:47:57

 DONE  Compiled successfully in 325ms15:47:58


  App running at:
  - Local:   http://localhost:8081/ 
  - Network: http://10.50.58.33:8081/

